<?xml version="1.0" encoding="UTF-8"?>
<!-- Generated by org.testng.reporters.JUnitXMLReporter -->
<testsuite ignored="0" hostname="192.168.1.4" failures="0" tests="4" name="Surefire test" time="32.507" errors="0" timestamp="2024-07-08T13:06:53 WIB">
  <testcase classname="mobileTests.MobileTestSuite" name="verifyAbleLoginToSauceLab" time="4.99"/>
  <testcase classname="mobileTests.MobileTestSuite" name="verifyAbleFilterProductHighToLow" time="3.392"/>
  <testcase classname="mobileTests.MobileTestSuite" name="verifyAbleFilterProductLowToHigh" time="2.028"/>
  <testcase classname="mobileTests.MobileTestSuite" name="verifyAbleToCheckout" time="12.903"/>
</testsuite> <!-- Surefire test -->
