<?xml version="1.0" encoding="UTF-8"?>
<testsuite xmlns:xsi="http://www.w3.org/2001/XMLSchema-instance" xsi:noNamespaceSchemaLocation="https://maven.apache.org/surefire/maven-surefire-plugin/xsd/surefire-test-report-3.0.xsd" version="3.0" name="mobileTests.MobileTestSuite" time="32.703" tests="4" errors="0" skipped="0" failures="0">
  <properties>
[...]
</properties>
  <testcase name="verifyAbleLoginToSauceLab" classname="mobileTests.MobileTestSuite" time="4.985">
    <system-out><![CDATA[Setting up ExtentReports in @BeforeClass
Entering username: standard_user
Entering password: secret_sauce
Clicking login button
]]></system-out>
    <system-err><![CDATA[Jul 08, 2024 1:06:29 PM io.appium.java_client.remote.AppiumCommandExecutor$1 lambda$0
INFO: Detected dialect: W3C
]]></system-err>
  </testcase>
  <testcase name="verifyAbleFilterProductHighToLow" classname="mobileTests.MobileTestSuite" time="3.413">
    <system-out><![CDATA[Products Price : [49.99, 29.99, 15.99, 15.99]
Product Price Sorted : [49.99, 29.99, 15.99, 15.99]
]]></system-out>
  </testcase>
  <testcase name="verifyAbleFilterProductLowToHigh" classname="mobileTests.MobileTestSuite" time="2.023">
    <system-out><![CDATA[Products Price : [7.99, 9.99, 15.99, 15.99]
Product Price Sorted : [7.99, 9.99, 15.99, 15.99]
]]></system-out>
  </testcase>
  <testcase name="verifyAbleToCheckout" classname="mobileTests.MobileTestSuite" time="12.905"/>
</testsuite>